2021-02-11 21:16:34.1672 INFO Entering the login Controller. Login Method
2021-02-11 21:16:34.3005 INFO Exit login Controller. Login Success!
2021-02-11 21:19:07.1144 INFO Entering the login Controller. Login Method
2021-02-11 21:19:07.2458 INFO Exit login Controller. Login Success!
2021-02-11 22:42:15.3148 INFO Entering the login Controller. Login Method
2021-02-11 22:42:15.4419 INFO Exit login Controller. Login Success!
2021-02-11 22:42:55.2743 INFO Entering the login Controller. Login Method
2021-02-11 22:42:55.3994 INFO Exit login Controller. Login Success!
2021-02-11 22:44:25.1899 INFO Entering the login Controller. Login Method
2021-02-11 22:44:25.3170 INFO Exit login Controller. Login Success!
2021-02-11 22:44:43.5975 INFO Entering the login Controller. Login Method
2021-02-11 22:44:43.7527 INFO Exit login Controller. Login Success!
2021-02-11 23:00:54.8204 INFO Entering the login Controller. Login Method
2021-02-11 23:00:54.9456 INFO Exit login Controller. Login Success!
2021-02-11 23:00:54.9456 INFO Controller name: Login
Action name: Login
2021-02-11 23:19:54.4188 INFO Controller name: Login Action name: Login
2021-02-11 23:19:54.4338 INFO Entering the login Controller. Login Method
2021-02-11 23:19:54.5449 INFO Exit login Controller. Login Success!
2021-02-11 23:19:54.5459 INFO Controller name: Login Action name: Login
